<?xml version="1.0" encoding="UTF-8"?>
<testsuite xmlns:xsi="http://www.w3.org/2001/XMLSchema-instance" xsi:noNamespaceSchemaLocation="https://maven.apache.org/surefire/maven-surefire-plugin/xsd/surefire-test-report-3.0.xsd" version="3.0" name="TestSuite" time="25.483" tests="3" errors="0" skipped="0" failures="0">
  <properties>
[...]
</properties>
  <testcase name="loginPageTitleTest" classname="com.crm.qa.testcases.LoginPageTest" time="0.033">
    <system-out><![CDATA[Before navigating to: 'https://www.freecrm.com'
Navigated to:'https://www.freecrm.com'
Title is:#1 Free CRM Business Software - Free Forever
]]></system-out>
    <system-err><![CDATA[SLF4J: Failed to load class "org.slf4j.impl.StaticLoggerBinder".
SLF4J: Defaulting to no-operation (NOP) logger implementation
SLF4J: See http://www.slf4j.org/codes.html#StaticLoggerBinder for further details.
Starting ChromeDriver 143.0.7499.40 (c23ff452476d1b6322d73b9b629420ef119d0388-refs/branch-heads/7499@{#2388}) on port 57634
Only local connections are allowed.
Please see https://chromedriver.chromium.org/security-considerations for suggestions on keeping ChromeDriver safe.
ChromeDriver was started successfully on port 57634.
Dec 09, 2025 7:07:19 PM org.openqa.selenium.remote.ProtocolHandshake createSession
INFO: Detected dialect: W3C
]]></system-err>
  </testcase>
  <testcase name="crmLogoImageTest" classname="com.crm.qa.testcases.LoginPageTest" time="0.182">
    <system-out><![CDATA[Before navigating to: 'https://www.freecrm.com'
Navigated to:'https://www.freecrm.com'
Trying to find Element By : By.xpath: //div//a[@title="free crm home"]
Found Element By : By.xpath: //div//a[@title="free crm home"]
]]></system-out>
    <system-err><![CDATA[Starting ChromeDriver 143.0.7499.40 (c23ff452476d1b6322d73b9b629420ef119d0388-refs/branch-heads/7499@{#2388}) on port 43773
Only local connections are allowed.
Please see https://chromedriver.chromium.org/security-considerations for suggestions on keeping ChromeDriver safe.
ChromeDriver was started successfully on port 43773.
Dec 09, 2025 7:07:26 PM org.openqa.selenium.remote.ProtocolHandshake createSession
INFO: Detected dialect: W3C
]]></system-err>
  </testcase>
  <testcase name="loginTest" classname="com.crm.qa.testcases.LoginPageTest" time="4.085">
    <system-out><![CDATA[Before navigating to: 'https://www.freecrm.com'
Navigated to:'https://www.freecrm.com'
Trying to find Element By : By.xpath: //a//span[text()="Log In"]
Found Element By : By.xpath: //a//span[text()="Log In"]
Trying to click on: [[ChromeDriver: chrome on WINDOWS (4e5e046848ebde92b12609f719840043)] -> xpath: //a//span[text()="Log In"]]
Clicked on: [[ChromeDriver: chrome on WINDOWS (4e5e046848ebde92b12609f719840043)] -> xpath: //a//span[text()="Log In"]]
Trying to find Element By : By.name: email
Found Element By : By.name: email
Trying to find Element By : By.name: password
Found Element By : By.name: password
Trying to find Element By : By.xpath: //div[text()="Login"]
Found Element By : By.xpath: //div[text()="Login"]
Trying to click on: [[ChromeDriver: chrome on WINDOWS (4e5e046848ebde92b12609f719840043)] -> xpath: //div[text()="Login"]]
Clicked on: [[ChromeDriver: chrome on WINDOWS (4e5e046848ebde92b12609f719840043)] -> xpath: //div[text()="Login"]]
Trying to find Element By : By.xpath: //div[text()="Login"]
Found Element By : By.xpath: //div[text()="Login"]
]]></system-out>
    <system-err><![CDATA[Starting ChromeDriver 143.0.7499.40 (c23ff452476d1b6322d73b9b629420ef119d0388-refs/branch-heads/7499@{#2388}) on port 33453
Only local connections are allowed.
Please see https://chromedriver.chromium.org/security-considerations for suggestions on keeping ChromeDriver safe.
ChromeDriver was started successfully on port 33453.
Dec 09, 2025 7:07:33 PM org.openqa.selenium.remote.ProtocolHandshake createSession
INFO: Detected dialect: W3C
]]></system-err>
  </testcase>
</testsuite>