<?xml version="1.0" encoding="UTF-8"?>
<testng-results ignored="0" total="3" passed="3" failed="0" skipped="0">
  <reporter-output>
  </reporter-output>
  <suite started-at="2025-12-09T19:07:18 IST" name="FREE CRM Application Test Automation Test Suite" finished-at="2025-12-09T19:07:42 IST" duration-ms="24742">
    <groups>
    </groups>
    <test started-at="2025-12-09T19:07:18 IST" name="Free CRM App Test Cases" finished-at="2025-12-09T19:07:42 IST" duration-ms="24742">
      <class name="com.crm.qa.testcases.LoginPageTest">
        <test-method is-config="true" signature="setUp()[pri:0, instance:com.crm.qa.testcases.LoginPageTest@31d7b7bf]" started-at="2025-12-09T19:07:18 IST" name="setUp" finished-at="2025-12-09T19:07:24 IST" duration-ms="6670" status="PASS">
          <reporter-output>
          </reporter-output>
        </test-method> <!-- setUp -->
        <test-method signature="loginPageTitleTest()[pri:1, instance:com.crm.qa.testcases.LoginPageTest@31d7b7bf]" started-at="2025-12-09T19:07:24 IST" name="loginPageTitleTest" finished-at="2025-12-09T19:07:24 IST" duration-ms="31" status="PASS">
          <reporter-output>
          </reporter-output>
        </test-method> <!-- loginPageTitleTest -->
        <test-method is-config="true" signature="tearDown()[pri:0, instance:com.crm.qa.testcases.LoginPageTest@31d7b7bf]" started-at="2025-12-09T19:07:24 IST" name="tearDown" finished-at="2025-12-09T19:07:25 IST" duration-ms="433" status="PASS">
          <reporter-output>
          </reporter-output>
        </test-method> <!-- tearDown -->
        <test-method is-config="true" signature="setUp()[pri:0, instance:com.crm.qa.testcases.LoginPageTest@31d7b7bf]" started-at="2025-12-09T19:07:25 IST" name="setUp" finished-at="2025-12-09T19:07:31 IST" duration-ms="6166" status="PASS">
          <reporter-output>
          </reporter-output>
        </test-method> <!-- setUp -->
        <test-method signature="crmLogoImageTest()[pri:2, instance:com.crm.qa.testcases.LoginPageTest@31d7b7bf]" started-at="2025-12-09T19:07:31 IST" name="crmLogoImageTest" finished-at="2025-12-09T19:07:31 IST" duration-ms="182" status="PASS">
          <reporter-output>
          </reporter-output>
        </test-method> <!-- crmLogoImageTest -->
        <test-method is-config="true" signature="tearDown()[pri:0, instance:com.crm.qa.testcases.LoginPageTest@31d7b7bf]" started-at="2025-12-09T19:07:31 IST" name="tearDown" finished-at="2025-12-09T19:07:32 IST" duration-ms="644" status="PASS">
          <reporter-output>
          </reporter-output>
        </test-method> <!-- tearDown -->
        <test-method is-config="true" signature="setUp()[pri:0, instance:com.crm.qa.testcases.LoginPageTest@31d7b7bf]" started-at="2025-12-09T19:07:32 IST" name="setUp" finished-at="2025-12-09T19:07:38 IST" duration-ms="5881" status="PASS">
          <reporter-output>
          </reporter-output>
        </test-method> <!-- setUp -->
        <test-method signature="loginTest()[pri:3, instance:com.crm.qa.testcases.LoginPageTest@31d7b7bf]" started-at="2025-12-09T19:07:38 IST" name="loginTest" finished-at="2025-12-09T19:07:42 IST" duration-ms="4085" status="PASS">
          <reporter-output>
          </reporter-output>
        </test-method> <!-- loginTest -->
        <test-method is-config="true" signature="tearDown()[pri:0, instance:com.crm.qa.testcases.LoginPageTest@31d7b7bf]" started-at="2025-12-09T19:07:42 IST" name="tearDown" finished-at="2025-12-09T19:07:42 IST" duration-ms="608" status="PASS">
          <reporter-output>
          </reporter-output>
        </test-method> <!-- tearDown -->
      </class> <!-- com.crm.qa.testcases.LoginPageTest -->
    </test> <!-- Free CRM App Test Cases -->
  </suite> <!-- FREE CRM Application Test Automation Test Suite -->
</testng-results>
