<?xml version="1.0" encoding="UTF-8"?>
<!-- Generated by org.testng.reporters.JUnitXMLReporter -->
<testsuite ignored="1" hostname="LAPTOP-RB6UMU3F" failures="1" tests="1" name="Free CRM App Test Cases(failed)" time="5.627" errors="0" timestamp="2025-12-19T21:42:39 IST">
  <testcase classname="com.crm.qa.testcases.AmazonHomeTest" name="Display" time="0.054">
    <failure type="java.lang.AssertionError" message="expected [true] but found [false]">
      <![CDATA[java.lang.AssertionError: expected [true] but found [false]
at com.crm.qa.testcases.AmazonHomeTest.Display(AmazonHomeTest.java:35)
at java.base/java.util.ArrayList.forEach(ArrayList.java:1511)
... Removed 34 stack frames]]>
    </failure>
  </testcase> <!-- Display -->
  <testcase classname="com.crm.qa.testcases.AmazonHomeTest" name="Menuselect" time="0.0">
    <ignored/>
  </testcase> <!-- Menuselect -->
</testsuite> <!-- Free CRM App Test Cases(failed) -->
