<?xml version="1.0" encoding="UTF-8"?>
<!-- Generated by org.testng.reporters.JUnitXMLReporter -->
<testsuite ignored="1" hostname="LAPTOP-RB6UMU3F" failures="0" tests="1" name="Free CRM App Test Cases(failed)(failed)" time="4.141" errors="0" timestamp="2025-12-20T12:45:11 IST">
  <testcase classname="com.crm.qa.testcases.AmazonHomeTest" name="Display" time="0.05"/>
  <testcase classname="com.crm.qa.testcases.AmazonHomeTest" name="Menuselect" time="0.0">
    <ignored/>
  </testcase> <!-- Menuselect -->
</testsuite> <!-- Free CRM App Test Cases(failed)(failed) -->
