<?xml version="1.0" encoding="UTF-8"?>
<testng-results ignored="0" total="1" passed="1" failed="0" skipped="0">
  <reporter-output>
  </reporter-output>
  <suite started-at="2025-12-20T12:45:05 IST" name="Failed suite [Failed suite [FREE CRM Application Test Automation Test Suite]]" finished-at="2025-12-20T12:45:09 IST" duration-ms="4141">
    <groups>
    </groups>
    <test started-at="2025-12-20T12:45:05 IST" name="Free CRM App Test Cases(failed)(failed)" finished-at="2025-12-20T12:45:09 IST" duration-ms="4141">
      <class name="com.crm.qa.testcases.AmazonHomeTest">
        <test-method is-config="true" signature="setUp()[pri:0, instance:com.crm.qa.testcases.AmazonHomeTest@2fb0623e]" started-at="2025-12-20T12:45:05 IST" name="setUp" finished-at="2025-12-20T12:45:09 IST" duration-ms="4009" status="PASS">
          <reporter-output>
          </reporter-output>
        </test-method> <!-- setUp -->
        <test-method signature="Display()[pri:2, instance:com.crm.qa.testcases.AmazonHomeTest@2fb0623e]" started-at="2025-12-20T12:45:09 IST" name="Display" finished-at="2025-12-20T12:45:09 IST" duration-ms="50" status="PASS">
          <reporter-output>
          </reporter-output>
        </test-method> <!-- Display -->
      </class> <!-- com.crm.qa.testcases.AmazonHomeTest -->
    </test> <!-- Free CRM App Test Cases(failed)(failed) -->
  </suite> <!-- Failed suite [Failed suite [FREE CRM Application Test Automation Test Suite]] -->
</testng-results>
