<?xml version="1.0" encoding="UTF-8"?>
<!-- Generated by org.testng.reporters.JUnitXMLReporter -->
<testsuite ignored="0" hostname="LAPTOP-RB6UMU3F" failures="0" tests="2" name="Free CRM App Test Cases" time="27.126" errors="0" timestamp="2025-12-09T19:09:37 IST">
  <testcase classname="com.crm.qa.testcases.LoginPageTest" name="loginPageTitleTest" time="0.043"/>
  <testcase classname="com.crm.qa.testcases.LoginPageTest" name="crmLogoImageTest" time="0.212"/>
</testsuite> <!-- Free CRM App Test Cases -->
