<?xml version="1.0" encoding="UTF-8"?>
<!-- Generated by org.testng.reporters.JUnitReportReporter -->
<testsuite hostname="LAPTOP-RB6UMU3F" failures="0" tests="3" name="com.crm.qa.testcases.LoginPageTest" time="24.700" errors="0" timestamp="2025-12-09T19:07:43 IST" skipped="0">
  <testcase classname="com.crm.qa.testcases.LoginPageTest" name="loginPageTitleTest" time="6.805"/>
  <testcase classname="com.crm.qa.testcases.LoginPageTest" name="crmLogoImageTest" time="7.285"/>
  <testcase classname="com.crm.qa.testcases.LoginPageTest" name="loginTest" time="10.610"/>
</testsuite> <!-- com.crm.qa.testcases.LoginPageTest -->
